CRITICAL - 2022-08-04 08:55:54 --> The framework needs the following extension(s) installed and loaded: curl, intl, mbstring.
in SYSTEMPATH\CodeIgniter.php on line 231.
 1 SYSTEMPATH\CodeIgniter.php(231): CodeIgniter\Exceptions\FrameworkException::forMissingExtension('curl, intl, mbstring')
 2 SYSTEMPATH\CodeIgniter.php(189): CodeIgniter\CodeIgniter->resolvePlatformExtensions()
 3 FCPATH\index.php(43): CodeIgniter\CodeIgniter->initialize()
CRITICAL - 2022-08-04 09:35:02 --> The framework needs the following extension(s) installed and loaded: curl, intl, mbstring.
in SYSTEMPATH\CodeIgniter.php on line 231.
 1 SYSTEMPATH\CodeIgniter.php(231): CodeIgniter\Exceptions\FrameworkException::forMissingExtension('curl, intl, mbstring')
 2 SYSTEMPATH\CodeIgniter.php(189): CodeIgniter\CodeIgniter->resolvePlatformExtensions()
 3 FCPATH\index.php(43): CodeIgniter\CodeIgniter->initialize()
CRITICAL - 2022-08-04 09:37:25 --> The framework needs the following extension(s) installed and loaded: curl, intl, mbstring.
in SYSTEMPATH\CodeIgniter.php on line 231.
 1 SYSTEMPATH\CodeIgniter.php(231): CodeIgniter\Exceptions\FrameworkException::forMissingExtension('curl, intl, mbstring')
 2 SYSTEMPATH\CodeIgniter.php(189): CodeIgniter\CodeIgniter->resolvePlatformExtensions()
 3 ROOTPATH\spark(71): CodeIgniter\CodeIgniter->initialize()
CRITICAL - 2022-08-04 09:37:25 --> Uncaught Error: Call to undefined function CodeIgniter\CLI\mb_strpos() in C:\projects\codeigniter4-init\system\CLI\CLI.php:776
Stack trace:
#0 C:\projects\codeigniter4-init\system\CLI\CLI.php(161): CodeIgniter\CLI\CLI::parseCommandLine()
#1 C:\projects\codeigniter4-init\system\CLI\CLI.php(1018): CodeIgniter\CLI\CLI::init()
#2 C:\projects\codeigniter4-init\system\Autoloader\Autoloader.php(284): include_once('C:\\projects\\cod...')
#3 C:\projects\codeigniter4-init\system\Autoloader\Autoloader.php(261): CodeIgniter\Autoloader\Autoloader->includeFile('C:\\projects\\cod...')
#4 C:\projects\codeigniter4-init\system\Autoloader\Autoloader.php(239): CodeIgniter\Autoloader\Autoloader->loadInNamespace('CodeIgniter\\CLI...')
#5 C:\projects\codeigniter4-init\app\Views\errors\cli\error_exception.php(6): CodeIgniter\Autoloader\Autoloader->loadClass('CodeIgniter\\CLI...')
#6 C:\projects\codeigniter4-init\app\Views\errors\cli\production.php(5): include('C:\\projects\\cod...')
#7 C:\projects\codeigniter4-init\system\Debug\Exceptions.php(239): include('C:\\projects\\cod...')
#8 C:\projects\codeigniter4-init\system\Debug\Exceptions.php(242): CodeIgniter\Debug\Exceptions->CodeIgniter\Debug\{closure}()
#9 C:\projects\codeigniter4-init\system\Debug\Exceptions.php(126): CodeIgniter\Debug\Exceptions->render(Object(CodeIgniter\Exceptions\FrameworkException), 500)
#10 [internal function]: CodeIgniter\Debug\Exceptions->exceptionHandler(Object(CodeIgniter\Exceptions\FrameworkException))
#11 {main}
  thrown
in SYSTEMPATH\CLI\CLI.php on line 776.
 1 [internal function]: CodeIgniter\Debug\Exceptions->shutdownHandler()
CRITICAL - 2022-08-04 09:40:12 --> The framework needs the following extension(s) installed and loaded: curl, intl, mbstring.
in SYSTEMPATH\CodeIgniter.php on line 231.
 1 SYSTEMPATH\CodeIgniter.php(231): CodeIgniter\Exceptions\FrameworkException::forMissingExtension('curl, intl, mbstring')
 2 SYSTEMPATH\CodeIgniter.php(189): CodeIgniter\CodeIgniter->resolvePlatformExtensions()
 3 ROOTPATH\spark(71): CodeIgniter\CodeIgniter->initialize()
CRITICAL - 2022-08-04 09:40:12 --> Uncaught Error: Call to undefined function CodeIgniter\CLI\mb_strpos() in C:\projects\codeigniter4-init\system\CLI\CLI.php:776
Stack trace:
#0 C:\projects\codeigniter4-init\system\CLI\CLI.php(161): CodeIgniter\CLI\CLI::parseCommandLine()
#1 C:\projects\codeigniter4-init\system\CLI\CLI.php(1018): CodeIgniter\CLI\CLI::init()
#2 C:\projects\codeigniter4-init\system\Autoloader\Autoloader.php(284): include_once('C:\\projects\\cod...')
#3 C:\projects\codeigniter4-init\system\Autoloader\Autoloader.php(261): CodeIgniter\Autoloader\Autoloader->includeFile('C:\\projects\\cod...')
#4 C:\projects\codeigniter4-init\system\Autoloader\Autoloader.php(239): CodeIgniter\Autoloader\Autoloader->loadInNamespace('CodeIgniter\\CLI...')
#5 C:\projects\codeigniter4-init\app\Views\errors\cli\error_exception.php(6): CodeIgniter\Autoloader\Autoloader->loadClass('CodeIgniter\\CLI...')
#6 C:\projects\codeigniter4-init\app\Views\errors\cli\production.php(5): include('C:\\projects\\cod...')
#7 C:\projects\codeigniter4-init\system\Debug\Exceptions.php(239): include('C:\\projects\\cod...')
#8 C:\projects\codeigniter4-init\system\Debug\Exceptions.php(242): CodeIgniter\Debug\Exceptions->CodeIgniter\Debug\{closure}()
#9 C:\projects\codeigniter4-init\system\Debug\Exceptions.php(126): CodeIgniter\Debug\Exceptions->render(Object(CodeIgniter\Exceptions\FrameworkException), 500)
#10 [internal function]: CodeIgniter\Debug\Exceptions->exceptionHandler(Object(CodeIgniter\Exceptions\FrameworkException))
#11 {main}
  thrown
in SYSTEMPATH\CLI\CLI.php on line 776.
 1 [internal function]: CodeIgniter\Debug\Exceptions->shutdownHandler()
CRITICAL - 2022-08-04 09:40:53 --> The framework needs the following extension(s) installed and loaded: curl, intl, mbstring.
in SYSTEMPATH\CodeIgniter.php on line 231.
 1 SYSTEMPATH\CodeIgniter.php(231): CodeIgniter\Exceptions\FrameworkException::forMissingExtension('curl, intl, mbstring')
 2 SYSTEMPATH\CodeIgniter.php(189): CodeIgniter\CodeIgniter->resolvePlatformExtensions()
 3 ROOTPATH\spark(71): CodeIgniter\CodeIgniter->initialize()
CRITICAL - 2022-08-04 09:40:53 --> Uncaught Error: Call to undefined function CodeIgniter\CLI\mb_strpos() in C:\projects\codeigniter4-init\system\CLI\CLI.php:776
Stack trace:
#0 C:\projects\codeigniter4-init\system\CLI\CLI.php(161): CodeIgniter\CLI\CLI::parseCommandLine()
#1 C:\projects\codeigniter4-init\system\CLI\CLI.php(1018): CodeIgniter\CLI\CLI::init()
#2 C:\projects\codeigniter4-init\system\Autoloader\Autoloader.php(284): include_once('C:\\projects\\cod...')
#3 C:\projects\codeigniter4-init\system\Autoloader\Autoloader.php(261): CodeIgniter\Autoloader\Autoloader->includeFile('C:\\projects\\cod...')
#4 C:\projects\codeigniter4-init\system\Autoloader\Autoloader.php(239): CodeIgniter\Autoloader\Autoloader->loadInNamespace('CodeIgniter\\CLI...')
#5 C:\projects\codeigniter4-init\app\Views\errors\cli\error_exception.php(6): CodeIgniter\Autoloader\Autoloader->loadClass('CodeIgniter\\CLI...')
#6 C:\projects\codeigniter4-init\app\Views\errors\cli\production.php(5): include('C:\\projects\\cod...')
#7 C:\projects\codeigniter4-init\system\Debug\Exceptions.php(239): include('C:\\projects\\cod...')
#8 C:\projects\codeigniter4-init\system\Debug\Exceptions.php(242): CodeIgniter\Debug\Exceptions->CodeIgniter\Debug\{closure}()
#9 C:\projects\codeigniter4-init\system\Debug\Exceptions.php(126): CodeIgniter\Debug\Exceptions->render(Object(CodeIgniter\Exceptions\FrameworkException), 500)
#10 [internal function]: CodeIgniter\Debug\Exceptions->exceptionHandler(Object(CodeIgniter\Exceptions\FrameworkException))
#11 {main}
  thrown
in SYSTEMPATH\CLI\CLI.php on line 776.
 1 [internal function]: CodeIgniter\Debug\Exceptions->shutdownHandler()
